[0104/200610.074:ERROR:process_info.cc(359)] UncheckedAllocate
[0104/200610.133:ERROR:process_info.cc(359)] UncheckedAllocate
[0104/200610.211:ERROR:process_info.cc(359)] UncheckedAllocate
[0104/200610.218:ERROR:process_info.cc(359)] UncheckedAllocate
[0104/204743.574:ERROR:process_info.cc(359)] UncheckedAllocate
[0104/205207.391:ERROR:process_info.cc(359)] UncheckedAllocate
[0104/205308.661:ERROR:process_info.cc(359)] UncheckedAllocate
[0104/211454.530:ERROR:process_info.cc(359)] UncheckedAllocate
[0104/211459.981:ERROR:process_info.cc(359)] UncheckedAllocate
[0104/234900.248:ERROR:process_info.cc(359)] UncheckedAllocate
[0104/235020.885:ERROR:process_info.cc(359)] UncheckedAllocate
[0108/122628.535:ERROR:process_info.cc(359)] UncheckedAllocate
[0108/122753.764:ERROR:process_info.cc(359)] UncheckedAllocate
[0108/123027.662:ERROR:process_info.cc(359)] UncheckedAllocate
[0108/131702.090:ERROR:process_info.cc(359)] UncheckedAllocate
[0108/131931.452:ERROR:process_info.cc(359)] UncheckedAllocate
[0108/131931.455:ERROR:process_info.cc(359)] UncheckedAllocate
[0108/131936.452:ERROR:process_info.cc(359)] UncheckedAllocate
[0110/234942.336:ERROR:process_info.cc(359)] UncheckedAllocate
[0111/015202.478:ERROR:process_info.cc(359)] UncheckedAllocate
[0111/015211.862:ERROR:process_info.cc(359)] UncheckedAllocate
[0111/015211.862:ERROR:process_info.cc(359)] UncheckedAllocate
[0111/015213.075:ERROR:process_info.cc(359)] UncheckedAllocate
[0111/030627.688:ERROR:process_info.cc(359)] UncheckedAllocate
[0111/031858.016:ERROR:process_info.cc(359)] UncheckedAllocate
[0111/032020.951:ERROR:process_info.cc(359)] UncheckedAllocate
[0111/195535.949:ERROR:process_info.cc(359)] UncheckedAllocate
[0111/200029.383:ERROR:filesystem_win.cc(148)] DeleteFile C:\Users\Korisnik\AppData\Local\Google\Chrome\User Data\Crashpad\reports\790c9194-66b6-415e-94fc-f361f3d46e8d.dmp: The process cannot access the file because it is being used by another process. (0x20)
[0115/032758.755:ERROR:process_info.cc(359)] UncheckedAllocate
[0116/140240.914:ERROR:process_info.cc(359)] UncheckedAllocate
[0116/140418.099:ERROR:process_info.cc(359)] UncheckedAllocate
[0116/140818.676:ERROR:process_info.cc(359)] UncheckedAllocate
[0116/140818.676:ERROR:process_info.cc(359)] UncheckedAllocate
[0116/140818.684:ERROR:process_info.cc(359)] UncheckedAllocate
[0116/140821.817:ERROR:process_info.cc(359)] UncheckedAllocate
[0117/165002.528:ERROR:process_info.cc(359)] UncheckedAllocate
[0117/165537.018:ERROR:process_info.cc(359)] UncheckedAllocate
[0117/170030.296:ERROR:process_info.cc(359)] UncheckedAllocate
[0117/171532.512:ERROR:process_info.cc(359)] UncheckedAllocate
[0117/173614.780:ERROR:process_info.cc(359)] UncheckedAllocate
[0117/181023.374:ERROR:process_info.cc(359)] UncheckedAllocate
[0117/185132.754:ERROR:process_info.cc(359)] UncheckedAllocate
[0117/191724.033:ERROR:process_info.cc(359)] UncheckedAllocate
[0117/192032.353:ERROR:process_info.cc(359)] UncheckedAllocate
[0117/192211.689:ERROR:process_info.cc(359)] UncheckedAllocate
[0117/200032.273:ERROR:process_info.cc(359)] UncheckedAllocate
[0117/200443.370:ERROR:process_info.cc(359)] UncheckedAllocate
[0127/163027.821:ERROR:process_info.cc(359)] UncheckedAllocate
[0127/170038.740:ERROR:process_info.cc(359)] UncheckedAllocate
[0127/171617.537:ERROR:process_info.cc(359)] UncheckedAllocate
[0127/171617.543:ERROR:process_info.cc(359)] UncheckedAllocate
[0127/171634.709:ERROR:process_info.cc(359)] UncheckedAllocate
[0127/172737.738:ERROR:process_info.cc(359)] UncheckedAllocate
[0127/172738.049:ERROR:process_reader_win.cc(242)] ReadMemory at 0x98707fa000 of 24576 bytes failed: Only part of a ReadProcessMemory or WriteProcessMemory request was completed. (0x12B)
[0127/172738.104:ERROR:process_reader_win.cc(242)] ReadMemory at 0x98709ff000 of 4096 bytes failed: Only part of a ReadProcessMemory or WriteProcessMemory request was completed. (0x12B)
[0127/172738.104:ERROR:process_reader_win.cc(242)] ReadMemory at 0x9870bfe000 of 8192 bytes failed: Only part of a ReadProcessMemory or WriteProcessMemory request was completed. (0x12B)
[0127/172738.104:ERROR:process_reader_win.cc(242)] ReadMemory at 0x9870dfe000 of 8192 bytes failed: Only part of a ReadProcessMemory or WriteProcessMemory request was completed. (0x12B)
[0127/172738.104:ERROR:process_reader_win.cc(242)] ReadMemory at 0x9870ffe000 of 8192 bytes failed: Only part of a ReadProcessMemory or WriteProcessMemory request was completed. (0x12B)
[0127/172738.104:ERROR:process_reader_win.cc(242)] ReadMemory at 0x98711fe000 of 8192 bytes failed: Only part of a ReadProcessMemory or WriteProcessMemory request was completed. (0x12B)
[0127/172738.104:ERROR:process_reader_win.cc(242)] ReadMemory at 0x98713fd000 of 12288 bytes failed: Only part of a ReadProcessMemory or WriteProcessMemory request was completed. (0x12B)
[0127/172738.105:ERROR:process_reader_win.cc(242)] ReadMemory at 0x98715fd000 of 12288 bytes failed: Only part of a ReadProcessMemory or WriteProcessMemory request was completed. (0x12B)
[0127/172738.105:ERROR:process_reader_win.cc(242)] ReadMemory at 0x98717fe000 of 8192 bytes failed: Only part of a ReadProcessMemory or WriteProcessMemory request was completed. (0x12B)
[0127/172738.105:ERROR:process_reader_win.cc(242)] ReadMemory at 0x98719fe000 of 8192 bytes failed: Only part of a ReadProcessMemory or WriteProcessMemory request was completed. (0x12B)
[0127/172738.105:ERROR:process_reader_win.cc(242)] ReadMemory at 0x9871bfe000 of 8192 bytes failed: Only part of a ReadProcessMemory or WriteProcessMemory request was completed. (0x12B)
[0127/172738.105:ERROR:process_reader_win.cc(242)] ReadMemory at 0x9871dfe000 of 8192 bytes failed: Only part of a ReadProcessMemory or WriteProcessMemory request was completed. (0x12B)
[0127/172738.105:ERROR:process_reader_win.cc(242)] ReadMemory at 0x9871ffe000 of 8192 bytes failed: Only part of a ReadProcessMemory or WriteProcessMemory request was completed. (0x12B)
[0127/172738.105:ERROR:process_reader_win.cc(242)] ReadMemory at 0x98721fe000 of 8192 bytes failed: Only part of a ReadProcessMemory or WriteProcessMemory request was completed. (0x12B)
[0127/172738.105:ERROR:process_reader_win.cc(242)] ReadMemory at 0x9870558000 of 852 bytes failed: Only part of a ReadProcessMemory or WriteProcessMemory request was completed. (0x12B)
[0127/172738.106:ERROR:process_reader_win.cc(242)] ReadMemory at 0x9870559000 of 6024 bytes failed: Only part of a ReadProcessMemory or WriteProcessMemory request was completed. (0x12B)
[0127/172738.106:ERROR:process_reader_win.cc(242)] ReadMemory at 0x987055b000 of 6024 bytes failed: Only part of a ReadProcessMemory or WriteProcessMemory request was completed. (0x12B)
[0127/172738.106:ERROR:process_reader_win.cc(242)] ReadMemory at 0x987055d000 of 6024 bytes failed: Only part of a ReadProcessMemory or WriteProcessMemory request was completed. (0x12B)
[0127/172738.106:ERROR:process_reader_win.cc(242)] ReadMemory at 0x987055f000 of 6024 bytes failed: Only part of a ReadProcessMemory or WriteProcessMemory request was completed. (0x12B)
[0127/172738.106:ERROR:process_reader_win.cc(242)] ReadMemory at 0x9870561000 of 6024 bytes failed: Only part of a ReadProcessMemory or WriteProcessMemory request was completed. (0x12B)
[0127/172738.106:ERROR:process_reader_win.cc(242)] ReadMemory at 0x9870563000 of 6024 bytes failed: Only part of a ReadProcessMemory or WriteProcessMemory request was completed. (0x12B)
[0127/172738.106:ERROR:process_reader_win.cc(242)] ReadMemory at 0x9870565000 of 6024 bytes failed: Only part of a ReadProcessMemory or WriteProcessMemory request was completed. (0x12B)
[0127/172738.106:ERROR:process_reader_win.cc(242)] ReadMemory at 0x9870567000 of 6024 bytes failed: Only part of a ReadProcessMemory or WriteProcessMemory request was completed. (0x12B)
[0127/172738.106:ERROR:process_reader_win.cc(242)] ReadMemory at 0x9870569000 of 6024 bytes failed: Only part of a ReadProcessMemory or WriteProcessMemory request was completed. (0x12B)
[0127/172738.106:ERROR:process_reader_win.cc(242)] ReadMemory at 0x987056b000 of 6024 bytes failed: Only part of a ReadProcessMemory or WriteProcessMemory request was completed. (0x12B)
[0127/172738.106:ERROR:process_reader_win.cc(242)] ReadMemory at 0x987056d000 of 6024 bytes failed: Only part of a ReadProcessMemory or WriteProcessMemory request was completed. (0x12B)
[0127/172738.107:ERROR:process_reader_win.cc(242)] ReadMemory at 0x987056f000 of 6024 bytes failed: Only part of a ReadProcessMemory or WriteProcessMemory request was completed. (0x12B)
[0127/172738.107:ERROR:process_reader_win.cc(242)] ReadMemory at 0x9870571000 of 6024 bytes failed: Only part of a ReadProcessMemory or WriteProcessMemory request was completed. (0x12B)
[0127/172738.107:ERROR:process_reader_win.cc(242)] ReadMemory at 0x9870573000 of 6024 bytes failed: Only part of a ReadProcessMemory or WriteProcessMemory request was completed. (0x12B)
[0127/172738.107:ERROR:process_reader_win.cc(242)] ReadMemory at 0x26059500ab0 of 512 bytes failed: Only part of a ReadProcessMemory or WriteProcessMemory request was completed. (0x12B)
[0127/172738.107:ERROR:process_reader_win.cc(242)] ReadMemory at 0x26059500fc0 of 3916 bytes failed: Only part of a ReadProcessMemory or WriteProcessMemory request was completed. (0x12B)
[0127/172738.107:ERROR:process_reader_win.cc(242)] ReadMemory at 0x26059501f20 of 1012 bytes failed: Only part of a ReadProcessMemory or WriteProcessMemory request was completed. (0x12B)
[0127/172738.107:ERROR:process_reader_win.cc(242)] ReadMemory at 0x26059502538 of 118 bytes failed: Only part of a ReadProcessMemory or WriteProcessMemory request was completed. (0x12B)
[0127/172738.107:ERROR:process_reader_win.cc(242)] ReadMemory at 0x260595025b0 of 1040 bytes failed: Only part of a ReadProcessMemory or WriteProcessMemory request was completed. (0x12B)
[0127/172738.107:ERROR:process_reader_win.cc(242)] ReadMemory at 0x260595029c2 of 118 bytes failed: Only part of a ReadProcessMemory or WriteProcessMemory request was completed. (0x12B)
[0127/172738.107:ERROR:process_reader_win.cc(242)] ReadMemory at 0x26059502a3a of 98 bytes failed: Only part of a ReadProcessMemory or WriteProcessMemory request was completed. (0x12B)
[0127/172738.107:ERROR:process_reader_win.cc(242)] ReadMemory at 0x26059502ab0 of 58 bytes failed: Only part of a ReadProcessMemory or WriteProcessMemory request was completed. (0x12B)
[0127/172738.107:ERROR:process_reader_win.cc(242)] ReadMemory at 0x26059502bb0 of 132 bytes failed: Only part of a ReadProcessMemory or WriteProcessMemory request was completed. (0x12B)
[0127/172738.107:ERROR:process_reader_win.cc(242)] ReadMemory at 0x26059502d40 of 132 bytes failed: Only part of a ReadProcessMemory or WriteProcessMemory request was completed. (0x12B)
[0127/172738.107:ERROR:process_reader_win.cc(242)] ReadMemory at 0x26059502f00 of 124 bytes failed: Only part of a ReadProcessMemory or WriteProcessMemory request was completed. (0x12B)
[0127/172738.107:ERROR:process_reader_win.cc(242)] ReadMemory at 0x260595032e0 of 132 bytes failed: Only part of a ReadProcessMemory or WriteProcessMemory request was completed. (0x12B)
[0127/172738.107:ERROR:process_reader_win.cc(242)] ReadMemory at 0x26059503470 of 64 bytes failed: Only part of a ReadProcessMemory or WriteProcessMemory request was completed. (0x12B)
[0127/172738.107:ERROR:process_reader_win.cc(242)] ReadMemory at 0x260595035d0 of 132 bytes failed: Only part of a ReadProcessMemory or WriteProcessMemory request was completed. (0x12B)
[0127/172738.107:ERROR:process_reader_win.cc(242)] ReadMemory at 0x260595037d0 of 62 bytes failed: Only part of a ReadProcessMemory or WriteProcessMemory request was completed. (0x12B)
[0127/172738.107:ERROR:process_reader_win.cc(242)] ReadMemory at 0x260595038c0 of 132 bytes failed: Only part of a ReadProcessMemory or WriteProcessMemory request was completed. (0x12B)
[0127/172738.107:ERROR:process_reader_win.cc(242)] ReadMemory at 0x26059503a50 of 68 bytes failed: Only part of a ReadProcessMemory or WriteProcessMemory request was completed. (0x12B)
[0127/172738.107:ERROR:process_reader_win.cc(242)] ReadMemory at 0x26059509ed0 of 132 bytes failed: Only part of a ReadProcessMemory or WriteProcessMemory request was completed. (0x12B)
[0127/172738.108:ERROR:process_reader_win.cc(242)] ReadMemory at 0x2605950a110 of 132 bytes failed: Only part of a ReadProcessMemory or WriteProcessMemory request was completed. (0x12B)
[0127/172738.108:ERROR:process_reader_win.cc(242)] ReadMemory at 0x2605950a2a0 of 62 bytes failed: Only part of a ReadProcessMemory or WriteProcessMemory request was completed. (0x12B)
[0127/172738.108:ERROR:process_reader_win.cc(242)] ReadMemory at 0x2605950ba10 of 132 bytes failed: Only part of a ReadProcessMemory or WriteProcessMemory request was completed. (0x12B)
[0127/172738.108:ERROR:process_reader_win.cc(242)] ReadMemory at 0x2605950bba0 of 60 bytes failed: Only part of a ReadProcessMemory or WriteProcessMemory request was completed. (0x12B)
[0127/172738.108:ERROR:process_reader_win.cc(242)] ReadMemory at 0x2605950bdf0 of 132 bytes failed: Only part of a ReadProcessMemory or WriteProcessMemory request was completed. (0x12B)
[0127/172738.108:ERROR:process_reader_win.cc(242)] ReadMemory at 0x2605950bf80 of 64 bytes failed: Only part of a ReadProcessMemory or WriteProcessMemory request was completed. (0x12B)
[0127/172738.108:ERROR:process_reader_win.cc(242)] ReadMemory at 0x2605950c200 of 132 bytes failed: Only part of a ReadProcessMemory or WriteProcessMemory request was completed. (0x12B)
[0127/172738.108:ERROR:process_reader_win.cc(242)] ReadMemory at 0x2605950c390 of 64 bytes failed: Only part of a ReadProcessMemory or WriteProcessMemory request was completed. (0x12B)
[0127/172738.108:ERROR:process_reader_win.cc(242)] ReadMemory at 0x2605950c5f0 of 132 bytes failed: Only part of a ReadProcessMemory or WriteProcessMemory request was completed. (0x12B)
[0127/172738.108:ERROR:process_reader_win.cc(242)] ReadMemory at 0x2605950c780 of 60 bytes failed: Only part of a ReadProcessMemory or WriteProcessMemory request was completed. (0x12B)
[0127/172738.108:ERROR:process_reader_win.cc(242)] ReadMemory at 0x2605950caa0 of 132 bytes failed: Only part of a ReadProcessMemory or WriteProcessMemory request was completed. (0x12B)
[0127/172738.108:ERROR:process_reader_win.cc(242)] ReadMemory at 0x2605950cc30 of 60 bytes failed: Only part of a ReadProcessMemory or WriteProcessMemory request was completed. (0x12B)
[0127/172738.108:ERROR:process_reader_win.cc(242)] ReadMemory at 0x2605950ce70 of 132 bytes failed: Only part of a ReadProcessMemory or WriteProcessMemory request was completed. (0x12B)
[0127/172738.108:ERROR:process_reader_win.cc(242)] ReadMemory at 0x2605950d000 of 62 bytes failed: Only part of a ReadProcessMemory or WriteProcessMemory request was completed. (0x12B)
[0127/172738.108:ERROR:process_reader_win.cc(242)] ReadMemory at 0x2605950d050 of 246 bytes failed: Only part of a ReadProcessMemory or WriteProcessMemory request was completed. (0x12B)
[0127/172738.108:ERROR:process_reader_win.cc(242)] ReadMemory at 0x2605950db50 of 132 bytes failed: Only part of a ReadProcessMemory or WriteProcessMemory request was completed. (0x12B)
[0127/172738.108:ERROR:process_reader_win.cc(242)] ReadMemory at 0x2605950dcd0 of 80 bytes failed: Only part of a ReadProcessMemory or WriteProcessMemory request was completed. (0x12B)
[0127/172738.108:ERROR:process_reader_win.cc(242)] ReadMemory at 0x2605950deb0 of 76 bytes failed: Only part of a ReadProcessMemory or WriteProcessMemory request was completed. (0x12B)
[0127/172738.108:ERROR:process_reader_win.cc(242)] ReadMemory at 0x2605950e330 of 78 bytes failed: Only part of a ReadProcessMemory or WriteProcessMemory request was completed. (0x12B)
[0127/172738.108:ERROR:process_reader_win.cc(242)] ReadMemory at 0x2605950e620 of 132 bytes failed: Only part of a ReadProcessMemory or WriteProcessMemory request was completed. (0x12B)
[0127/172738.108:ERROR:process_reader_win.cc(242)] ReadMemory at 0x2605950e6d0 of 512 bytes failed: Only part of a ReadProcessMemory or WriteProcessMemory request was completed. (0x12B)
[0127/172738.108:ERROR:process_reader_win.cc(242)] ReadMemory at 0x2605950eb00 of 132 bytes failed: Only part of a ReadProcessMemory or WriteProcessMemory request was completed. (0x12B)
[0127/172738.108:ERROR:process_reader_win.cc(242)] ReadMemory at 0x2605950ec30 of 64 bytes failed: Only part of a ReadProcessMemory or WriteProcessMemory request was completed. (0x12B)
[0127/172738.109:ERROR:process_reader_win.cc(242)] ReadMemory at 0x2605950fda0 of 132 bytes failed: Only part of a ReadProcessMemory or WriteProcessMemory request was completed. (0x12B)
[0127/172738.109:ERROR:process_reader_win.cc(242)] ReadMemory at 0x2605950ffc0 of 62 bytes failed: Only part of a ReadProcessMemory or WriteProcessMemory request was completed. (0x12B)
[0127/172738.109:ERROR:process_reader_win.cc(242)] ReadMemory at 0x26059510010 of 66 bytes failed: Only part of a ReadProcessMemory or WriteProcessMemory request was completed. (0x12B)
[0127/172738.109:ERROR:process_reader_win.cc(242)] ReadMemory at 0x26059510060 of 62 bytes failed: Only part of a ReadProcessMemory or WriteProcessMemory request was completed. (0x12B)
[0127/172738.109:ERROR:process_reader_win.cc(242)] ReadMemory at 0x260595100b0 of 66 bytes failed: Only part of a ReadProcessMemory or WriteProcessMemory request was completed. (0x12B)
[0127/172738.109:ERROR:process_reader_win.cc(242)] ReadMemory at 0x26059510100 of 58 bytes failed: Only part of a ReadProcessMemory or WriteProcessMemory request was completed. (0x12B)
[0127/172738.109:ERROR:process_reader_win.cc(242)] ReadMemory at 0x26059510150 of 62 bytes failed: Only part of a ReadProcessMemory or WriteProcessMemory request was completed. (0x12B)
[0127/172738.109:ERROR:process_reader_win.cc(242)] ReadMemory at 0x260595101a0 of 60 bytes failed: Only part of a ReadProcessMemory or WriteProcessMemory request was completed. (0x12B)
[0127/172738.109:ERROR:process_reader_win.cc(242)] ReadMemory at 0x260595101f0 of 64 bytes failed: Only part of a ReadProcessMemory or WriteProcessMemory request was completed. (0x12B)
[0127/172738.109:ERROR:process_reader_win.cc(242)] ReadMemory at 0x26059510290 of 62 bytes failed: Only part of a ReadProcessMemory or WriteProcessMemory request was completed. (0x12B)
[0127/172738.109:ERROR:process_reader_win.cc(242)] ReadMemory at 0x260595102e0 of 58 bytes failed: Only part of a ReadProcessMemory or WriteProcessMemory request was completed. (0x12B)
[0127/172738.109:ERROR:process_reader_win.cc(242)] ReadMemory at 0x26059510330 of 62 bytes failed: Only part of a ReadProcessMemory or WriteProcessMemory request was completed. (0x12B)
[0127/172738.109:ERROR:process_reader_win.cc(242)] ReadMemory at 0x260595103d0 of 58 bytes failed: Only part of a ReadProcessMemory or WriteProcessMemory request was completed. (0x12B)
[0127/172738.109:ERROR:process_reader_win.cc(242)] ReadMemory at 0x26059510470 of 60 bytes failed: Only part of a ReadProcessMemory or WriteProcessMemory request was completed. (0x12B)
[0127/172738.109:ERROR:process_reader_win.cc(242)] ReadMemory at 0x260595104c0 of 60 bytes failed: Only part of a ReadProcessMemory or WriteProcessMemory request was completed. (0x12B)
[0127/172738.109:ERROR:process_reader_win.cc(242)] ReadMemory at 0x260595106e0 of 156 bytes failed: Only part of a ReadProcessMemory or WriteProcessMemory request was completed. (0x12B)
[0127/172738.109:ERROR:process_reader_win.cc(242)] ReadMemory at 0x26059510800 of 132 bytes failed: Only part of a ReadProcessMemory or WriteProcessMemory request was completed. (0x12B)
[0127/172738.109:ERROR:process_reader_win.cc(242)] ReadMemory at 0x26059510930 of 132 bytes failed: Only part of a ReadProcessMemory or WriteProcessMemory request was completed. (0x12B)
[0127/172738.109:ERROR:process_reader_win.cc(242)] ReadMemory at 0x26059510a60 of 132 bytes failed: Only part of a ReadProcessMemory or WriteProcessMemory request was completed. (0x12B)
[0127/172738.109:ERROR:process_reader_win.cc(242)] ReadMemory at 0x26059510b90 of 132 bytes failed: Only part of a ReadProcessMemory or WriteProcessMemory request was completed. (0x12B)
[0127/172738.109:ERROR:process_reader_win.cc(242)] ReadMemory at 0x26059510cc0 of 132 bytes failed: Only part of a ReadProcessMemory or WriteProcessMemory request was completed. (0x12B)
[0127/172738.109:ERROR:process_reader_win.cc(242)] ReadMemory at 0x26059510df0 of 132 bytes failed: Only part of a ReadProcessMemory or WriteProcessMemory request was completed. (0x12B)
[0127/172738.109:ERROR:process_reader_win.cc(242)] ReadMemory at 0x26059510f20 of 132 bytes failed: Only part of a ReadProcessMemory or WriteProcessMemory request was completed. (0x12B)
[0127/172738.109:ERROR:process_reader_win.cc(242)] ReadMemory at 0x26059511050 of 132 bytes failed: Only part of a ReadProcessMemory or WriteProcessMemory request was completed. (0x12B)
[0127/172738.110:ERROR:process_reader_win.cc(242)] ReadMemory at 0x26059511180 of 132 bytes failed: Only part of a ReadProcessMemory or WriteProcessMemory request was completed. (0x12B)
[0127/172738.110:ERROR:process_reader_win.cc(242)] ReadMemory at 0x260595112b0 of 132 bytes failed: Only part of a ReadProcessMemory or WriteProcessMemory request was completed. (0x12B)
[0127/172738.110:ERROR:process_reader_win.cc(242)] ReadMemory at 0x260595113e0 of 132 bytes failed: Only part of a ReadProcessMemory or WriteProcessMemory request was completed. (0x12B)
[0127/172738.110:ERROR:process_reader_win.cc(242)] ReadMemory at 0x26059511510 of 132 bytes failed: Only part of a ReadProcessMemory or WriteProcessMemory request was completed. (0x12B)
[0127/172738.110:ERROR:process_reader_win.cc(242)] ReadMemory at 0x26059511640 of 132 bytes failed: Only part of a ReadProcessMemory or WriteProcessMemory request was completed. (0x12B)
[0127/172738.110:ERROR:process_reader_win.cc(242)] ReadMemory at 0x2605951182a of 512 bytes failed: Only part of a ReadProcessMemory or WriteProcessMemory request was completed. (0x12B)
[0127/172738.110:ERROR:process_reader_win.cc(242)] ReadMemory at 0x26059513250 of 132 bytes failed: Only part of a ReadProcessMemory or WriteProcessMemory request was completed. (0x12B)
[0127/172738.110:ERROR:process_reader_win.cc(242)] ReadMemory at 0x26059513380 of 132 bytes failed: Only part of a ReadProcessMemory or WriteProcessMemory request was completed. (0x12B)
[0127/172738.110:ERROR:process_reader_win.cc(242)] ReadMemory at 0x260595134b0 of 132 bytes failed: Only part of a ReadProcessMemory or WriteProcessMemory request was completed. (0x12B)
[0127/172738.110:ERROR:process_reader_win.cc(242)] ReadMemory at 0x260595135e0 of 132 bytes failed: Only part of a ReadProcessMemory or WriteProcessMemory request was completed. (0x12B)
[0127/172738.110:ERROR:process_reader_win.cc(242)] ReadMemory at 0x26059513710 of 132 bytes failed: Only part of a ReadProcessMemory or WriteProcessMemory request was completed. (0x12B)
[0127/172738.110:ERROR:process_reader_win.cc(242)] ReadMemory at 0x26059513970 of 132 bytes failed: Only part of a ReadProcessMemory or WriteProcessMemory request was completed. (0x12B)
[0127/172738.110:ERROR:process_reader_win.cc(242)] ReadMemory at 0x26059513aa0 of 132 bytes failed: Only part of a ReadProcessMemory or WriteProcessMemory request was completed. (0x12B)
[0127/172738.110:ERROR:process_reader_win.cc(242)] ReadMemory at 0x26059513bd0 of 132 bytes failed: Only part of a ReadProcessMemory or WriteProcessMemory request was completed. (0x12B)
[0127/172738.110:ERROR:process_reader_win.cc(242)] ReadMemory at 0x26059513d00 of 132 bytes failed: Only part of a ReadProcessMemory or WriteProcessMemory request was completed. (0x12B)
[0127/172738.110:ERROR:process_reader_win.cc(242)] ReadMemory at 0x26059513e30 of 132 bytes failed: Only part of a ReadProcessMemory or WriteProcessMemory request was completed. (0x12B)
[0127/172738.110:ERROR:process_reader_win.cc(242)] ReadMemory at 0x26059513f60 of 132 bytes failed: Only part of a ReadProcessMemory or WriteProcessMemory request was completed. (0x12B)
[0127/172738.110:ERROR:process_reader_win.cc(242)] ReadMemory at 0x26059514090 of 132 bytes failed: Only part of a ReadProcessMemory or WriteProcessMemory request was completed. (0x12B)
[0127/172738.110:ERROR:process_reader_win.cc(242)] ReadMemory at 0x260595142f0 of 132 bytes failed: Only part of a ReadProcessMemory or WriteProcessMemory request was completed. (0x12B)
[0127/172738.110:ERROR:process_reader_win.cc(242)] ReadMemory at 0x26059514420 of 132 bytes failed: Only part of a ReadProcessMemory or WriteProcessMemory request was completed. (0x12B)
[0127/172738.110:ERROR:process_reader_win.cc(242)] ReadMemory at 0x26059514550 of 132 bytes failed: Only part of a ReadProcessMemory or WriteProcessMemory request was completed. (0x12B)
[0127/172738.110:ERROR:process_reader_win.cc(242)] ReadMemory at 0x26059514680 of 132 bytes failed: Only part of a ReadProcessMemory or WriteProcessMemory request was completed. (0x12B)
[0127/172738.110:ERROR:process_reader_win.cc(242)] ReadMemory at 0x260595147b0 of 132 bytes failed: Only part of a ReadProcessMemory or WriteProcessMemory request was completed. (0x12B)
[0127/172738.110:ERROR:process_reader_win.cc(242)] ReadMemory at 0x260595148e0 of 132 bytes failed: Only part of a ReadProcessMemory or WriteProcessMemory request was completed. (0x12B)
[0127/172738.111:ERROR:process_reader_win.cc(242)] ReadMemory at 0x26059514a10 of 132 bytes failed: Only part of a ReadProcessMemory or WriteProcessMemory request was completed. (0x12B)
[0127/172738.111:ERROR:process_reader_win.cc(242)] ReadMemory at 0x26059514b40 of 132 bytes failed: Only part of a ReadProcessMemory or WriteProcessMemory request was completed. (0x12B)
[0127/172738.111:ERROR:process_reader_win.cc(242)] ReadMemory at 0x26059514c70 of 132 bytes failed: Only part of a ReadProcessMemory or WriteProcessMemory request was completed. (0x12B)
[0127/172738.111:ERROR:process_reader_win.cc(242)] ReadMemory at 0x26059514da0 of 132 bytes failed: Only part of a ReadProcessMemory or WriteProcessMemory request was completed. (0x12B)
[0127/172738.111:ERROR:process_reader_win.cc(242)] ReadMemory at 0x26059514ed0 of 132 bytes failed: Only part of a ReadProcessMemory or WriteProcessMemory request was completed. (0x12B)
[0127/172738.111:ERROR:process_reader_win.cc(242)] ReadMemory at 0x26059515000 of 132 bytes failed: Only part of a ReadProcessMemory or WriteProcessMemory request was completed. (0x12B)
[0127/172738.111:ERROR:process_reader_win.cc(242)] ReadMemory at 0x26059516220 of 152 bytes failed: Only part of a ReadProcessMemory or WriteProcessMemory request was completed. (0x12B)
[0127/172738.111:ERROR:process_reader_win.cc(242)] ReadMemory at 0x26059518360 of 66 bytes failed: Only part of a ReadProcessMemory or WriteProcessMemory request was completed. (0x12B)
[0127/172738.111:ERROR:process_reader_win.cc(242)] ReadMemory at 0x26059518450 of 58 bytes failed: Only part of a ReadProcessMemory or WriteProcessMemory request was completed. (0x12B)
[0127/172738.111:ERROR:process_reader_win.cc(242)] ReadMemory at 0x260595189f0 of 60 bytes failed: Only part of a ReadProcessMemory or WriteProcessMemory request was completed. (0x12B)
[0127/172738.111:ERROR:process_reader_win.cc(242)] ReadMemory at 0x26059518a90 of 64 bytes failed: Only part of a ReadProcessMemory or WriteProcessMemory request was completed. (0x12B)
[0127/172738.111:ERROR:process_reader_win.cc(242)] ReadMemory at 0x26059518b30 of 64 bytes failed: Only part of a ReadProcessMemory or WriteProcessMemory request was completed. (0x12B)
[0127/172738.111:ERROR:process_reader_win.cc(242)] ReadMemory at 0x26059518b80 of 60 bytes failed: Only part of a ReadProcessMemory or WriteProcessMemory request was completed. (0x12B)
[0127/172738.111:ERROR:process_reader_win.cc(242)] ReadMemory at 0x26059518c70 of 62 bytes failed: Only part of a ReadProcessMemory or WriteProcessMemory request was completed. (0x12B)
[0127/172738.111:ERROR:process_reader_win.cc(242)] ReadMemory at 0x26059518cc0 of 64 bytes failed: Only part of a ReadProcessMemory or WriteProcessMemory request was completed. (0x12B)
[0127/172738.111:ERROR:process_reader_win.cc(242)] ReadMemory at 0x26059518d10 of 58 bytes failed: Only part of a ReadProcessMemory or WriteProcessMemory request was completed. (0x12B)
[0127/172738.111:ERROR:process_reader_win.cc(242)] ReadMemory at 0x26059518d60 of 64 bytes failed: Only part of a ReadProcessMemory or WriteProcessMemory request was completed. (0x12B)
[0127/172738.111:ERROR:process_reader_win.cc(242)] ReadMemory at 0x26059519210 of 66 bytes failed: Only part of a ReadProcessMemory or WriteProcessMemory request was completed. (0x12B)
[0127/172738.111:ERROR:process_reader_win.cc(242)] ReadMemory at 0x2605951f370 of 54 bytes failed: Only part of a ReadProcessMemory or WriteProcessMemory request was completed. (0x12B)
[0127/172738.111:ERROR:process_reader_win.cc(242)] ReadMemory at 0x260595271a0 of 60 bytes failed: Only part of a ReadProcessMemory or WriteProcessMemory request was completed. (0x12B)
[0127/172738.111:ERROR:process_reader_win.cc(242)] ReadMemory at 0x26059527240 of 64 bytes failed: Only part of a ReadProcessMemory or WriteProcessMemory request was completed. (0x12B)
[0127/172738.111:ERROR:process_reader_win.cc(242)] ReadMemory at 0x26059527330 of 60 bytes failed: Only part of a ReadProcessMemory or WriteProcessMemory request was completed. (0x12B)
[0127/172738.111:ERROR:process_reader_win.cc(242)] ReadMemory at 0x26059527470 of 60 bytes failed: Only part of a ReadProcessMemory or WriteProcessMemory request was completed. (0x12B)
[0127/172738.111:ERROR:process_reader_win.cc(242)] ReadMemory at 0x260595276a0 of 62 bytes failed: Only part of a ReadProcessMemory or WriteProcessMemory request was completed. (0x12B)
[0127/172738.111:ERROR:process_reader_win.cc(242)] ReadMemory at 0x26059527790 of 62 bytes failed: Only part of a ReadProcessMemory or WriteProcessMemory request was completed. (0x12B)
[0127/172738.111:ERROR:process_reader_win.cc(242)] ReadMemory at 0x26059527880 of 62 bytes failed: Only part of a ReadProcessMemory or WriteProcessMemory request was completed. (0x12B)
[0127/172738.112:ERROR:process_reader_win.cc(242)] ReadMemory at 0x26059527970 of 62 bytes failed: Only part of a ReadProcessMemory or WriteProcessMemory request was completed. (0x12B)
[0127/172738.112:ERROR:process_reader_win.cc(242)] ReadMemory at 0x260595279c0 of 64 bytes failed: Only part of a ReadProcessMemory or WriteProcessMemory request was completed. (0x12B)
[0127/172738.112:ERROR:process_reader_win.cc(242)] ReadMemory at 0x26059527ab0 of 56 bytes failed: Only part of a ReadProcessMemory or WriteProcessMemory request was completed. (0x12B)
[0127/172738.112:ERROR:process_reader_win.cc(242)] ReadMemory at 0x26059527c90 of 58 bytes failed: Only part of a ReadProcessMemory or WriteProcessMemory request was completed. (0x12B)
[0127/172738.112:ERROR:process_reader_win.cc(242)] ReadMemory at 0x26059527dd0 of 64 bytes failed: Only part of a ReadProcessMemory or WriteProcessMemory request was completed. (0x12B)
[0127/172738.112:ERROR:process_reader_win.cc(242)] ReadMemory at 0x26059527e20 of 62 bytes failed: Only part of a ReadProcessMemory or WriteProcessMemory request was completed. (0x12B)
[0127/172738.112:ERROR:process_reader_win.cc(242)] ReadMemory at 0x26059527f60 of 60 bytes failed: Only part of a ReadProcessMemory or WriteProcessMemory request was completed. (0x12B)
[0127/172738.112:ERROR:process_reader_win.cc(242)] ReadMemory at 0x260595286b0 of 132 bytes failed: Only part of a ReadProcessMemory or WriteProcessMemory request was completed. (0x12B)
[0127/172738.112:ERROR:process_reader_win.cc(242)] ReadMemory at 0x260595287e0 of 132 bytes failed: Only part of a ReadProcessMemory or WriteProcessMemory request was completed. (0x12B)
[0127/172738.112:ERROR:process_reader_win.cc(242)] ReadMemory at 0x260595294f0 of 132 bytes failed: Only part of a ReadProcessMemory or WriteProcessMemory request was completed. (0x12B)
[0127/172738.112:ERROR:process_reader_win.cc(242)] ReadMemory at 0x26059529750 of 132 bytes failed: Only part of a ReadProcessMemory or WriteProcessMemory request was completed. (0x12B)
[0127/172738.112:ERROR:process_reader_win.cc(242)] ReadMemory at 0x26059529880 of 132 bytes failed: Only part of a ReadProcessMemory or WriteProcessMemory request was completed. (0x12B)
[0127/172738.112:ERROR:process_reader_win.cc(242)] ReadMemory at 0x2605952acb0 of 512 bytes failed: Only part of a ReadProcessMemory or WriteProcessMemory request was completed. (0x12B)
[0127/172738.112:ERROR:process_reader_win.cc(242)] ReadMemory at 0x2605953b7c0 of 512 bytes failed: Only part of a ReadProcessMemory or WriteProcessMemory request was completed. (0x12B)
[0127/172738.112:ERROR:process_reader_win.cc(242)] ReadMemory at 0x260599a0000 of 384 bytes failed: Only part of a ReadProcessMemory or WriteProcessMemory request was completed. (0x12B)
[0127/172738.112:ERROR:process_reader_win.cc(242)] ReadMemory at 0x260599f3ce0 of 688 bytes failed: Only part of a ReadProcessMemory or WriteProcessMemory request was completed. (0x12B)
[0127/172738.112:ERROR:process_reader_win.cc(242)] ReadMemory at 0x260599f7e10 of 512 bytes failed: Only part of a ReadProcessMemory or WriteProcessMemory request was completed. (0x12B)
[0127/172738.112:ERROR:process_reader_win.cc(242)] ReadMemory at 0x260599ff710 of 512 bytes failed: Only part of a ReadProcessMemory or WriteProcessMemory request was completed. (0x12B)
[0127/172738.112:ERROR:process_reader_win.cc(242)] ReadMemory at 0x26059a03b68 of 512 bytes failed: Only part of a ReadProcessMemory or WriteProcessMemory request was completed. (0x12B)
[0127/172738.112:ERROR:process_reader_win.cc(242)] ReadMemory at 0x26059a16100 of 512 bytes failed: Only part of a ReadProcessMemory or WriteProcessMemory request was completed. (0x12B)
[0127/172738.112:ERROR:process_reader_win.cc(242)] ReadMemory at 0x26059af0000 of 384 bytes failed: Only part of a ReadProcessMemory or WriteProcessMemory request was completed. (0x12B)
[0127/172738.113:ERROR:process_reader_win.cc(242)] ReadMemory at 0x26059af4d98 of 512 bytes failed: Only part of a ReadProcessMemory or WriteProcessMemory request was completed. (0x12B)
[0127/172738.113:ERROR:process_reader_win.cc(242)] ReadMemory at 0x2605b8e0000 of 384 bytes failed: Only part of a ReadProcessMemory or WriteProcessMemory request was completed. (0x12B)
[0127/172738.113:ERROR:process_reader_win.cc(242)] ReadMemory at 0x2605b90a988 of 512 bytes failed: Only part of a ReadProcessMemory or WriteProcessMemory request was completed. (0x12B)
[0127/172738.113:ERROR:process_reader_win.cc(242)] ReadMemory at 0x2605b91ae18 of 512 bytes failed: Only part of a ReadProcessMemory or WriteProcessMemory request was completed. (0x12B)
[0127/172738.113:ERROR:process_reader_win.cc(242)] ReadMemory at 0x2605b935e98 of 512 bytes failed: Only part of a ReadProcessMemory or WriteProcessMemory request was completed. (0x12B)
[0127/172738.113:ERROR:process_reader_win.cc(242)] ReadMemory at 0x2605b9c87e0 of 512 bytes failed: Only part of a ReadProcessMemory or WriteProcessMemory request was completed. (0x12B)
[0127/172738.113:ERROR:process_reader_win.cc(242)] ReadMemory at 0x555bdb417f90 of 512 bytes failed: Only part of a ReadProcessMemory or WriteProcessMemory request was completed. (0x12B)
[0127/172738.113:ERROR:process_reader_win.cc(242)] ReadMemory at 0x555bdb438220 of 512 bytes failed: Only part of a ReadProcessMemory or WriteProcessMemory request was completed. (0x12B)
[0127/172738.113:ERROR:process_reader_win.cc(242)] ReadMemory at 0x7ff988ff5d0b of 512 bytes failed: Only part of a ReadProcessMemory or WriteProcessMemory request was completed. (0x12B)
[0127/172738.113:ERROR:process_reader_win.cc(242)] ReadMemory at 0x7ff989027628 of 512 bytes failed: Only part of a ReadProcessMemory or WriteProcessMemory request was completed. (0x12B)
[0127/172738.113:ERROR:process_reader_win.cc(242)] ReadMemory at 0x7ff9890447ed of 512 bytes failed: Only part of a ReadProcessMemory or WriteProcessMemory request was completed. (0x12B)
[0127/172738.113:ERROR:process_reader_win.cc(242)] ReadMemory at 0x7ff98ac271f0 of 512 bytes failed: Only part of a ReadProcessMemory or WriteProcessMemory request was completed. (0x12B)
[0127/172738.113:ERROR:process_reader_win.cc(242)] ReadMemory at 0x7ff98d670ed8 of 512 bytes failed: Only part of a ReadProcessMemory or WriteProcessMemory request was completed. (0x12B)
[0127/172738.113:ERROR:process_reader_win.cc(242)] ReadMemory at 0x7ff9d709a308 of 512 bytes failed: Only part of a ReadProcessMemory or WriteProcessMemory request was completed. (0x12B)
[0127/172738.113:ERROR:process_reader_win.cc(242)] ReadMemory at 0x7ff9d9ff0840 of 512 bytes failed: Only part of a ReadProcessMemory or WriteProcessMemory request was completed. (0x12B)
[0127/172738.113:ERROR:process_reader_win.cc(242)] ReadMemory at 0x7ff9da316270 of 512 bytes failed: Only part of a ReadProcessMemory or WriteProcessMemory request was completed. (0x12B)
[0127/172738.113:ERROR:process_reader_win.cc(242)] ReadMemory at 0x7ff9da3179f0 of 512 bytes failed: Only part of a ReadProcessMemory or WriteProcessMemory request was completed. (0x12B)
[0127/172738.113:ERROR:process_reader_win.cc(242)] ReadMemory at 0x7ff9da3182e0 of 512 bytes failed: Only part of a ReadProcessMemory or WriteProcessMemory request was completed. (0x12B)
[0127/172738.113:ERROR:process_reader_win.cc(242)] ReadMemory at 0x7ff9da31a0d0 of 512 bytes failed: Only part of a ReadProcessMemory or WriteProcessMemory request was completed. (0x12B)
[0127/172738.113:ERROR:process_reader_win.cc(242)] ReadMemory at 0x7ff9da38a9a4 of 672 bytes failed: Only part of a ReadProcessMemory or WriteProcessMemory request was completed. (0x12B)
[0127/172738.113:ERROR:process_reader_win.cc(242)] ReadMemory at 0x7ff9da38afa4 of 512 bytes failed: Only part of a ReadProcessMemory or WriteProcessMemory request was completed. (0x12B)
[0127/172738.113:ERROR:process_reader_win.cc(242)] ReadMemory at 0x7ff9da38e214 of 608 bytes failed: Only part of a ReadProcessMemory or WriteProcessMemory request was completed. (0x12B)
[0127/172738.113:ERROR:process_reader_win.cc(242)] ReadMemory at 0x7ff9da408ac0 of 512 bytes failed: Only part of a ReadProcessMemory or WriteProcessMemory request was completed. (0x12B)
[0127/172738.113:ERROR:process_reader_win.cc(242)] ReadMemory at 0x7ff9da413810 of 18 bytes failed: Only part of a ReadProcessMemory or WriteProcessMemory request was completed. (0x12B)
[0127/172738.114:ERROR:process_reader_win.cc(242)] ReadMemory at 0x7ff9da4464e0 of 40 bytes failed: Only part of a ReadProcessMemory or WriteProcessMemory request was completed. (0x12B)
[0127/172738.114:ERROR:process_reader_win.cc(242)] ReadMemory at 0x7ff9da446938 of 48 bytes failed: Only part of a ReadProcessMemory or WriteProcessMemory request was completed. (0x12B)
[0127/172738.114:ERROR:process_reader_win.cc(242)] ReadMemory at 0x7ff9da44c360 of 64 bytes failed: Only part of a ReadProcessMemory or WriteProcessMemory request was completed. (0x12B)
[0127/172738.115:ERROR:scoped_process_suspend.cc(40)] NtResumeProcess: An attempt was made to access an exiting process. (0xc000010a)
[0127/172740.331:ERROR:process_info.cc(359)] UncheckedAllocate
[0127/172742.060:ERROR:process_info.cc(359)] UncheckedAllocate
[0127/172844.663:ERROR:process_info.cc(359)] UncheckedAllocate
[0127/173610.296:ERROR:process_info.cc(359)] UncheckedAllocate
[0128/233527.303:ERROR:process_info.cc(359)] UncheckedAllocate
[0128/233531.174:ERROR:process_info.cc(359)] UncheckedAllocate
[0128/234126.151:ERROR:process_info.cc(359)] UncheckedAllocate
[0128/234757.868:ERROR:process_info.cc(359)] UncheckedAllocate
[0128/235127.835:ERROR:process_info.cc(359)] UncheckedAllocate
[0128/235543.260:ERROR:process_info.cc(359)] UncheckedAllocate
[0129/000047.550:ERROR:process_info.cc(359)] UncheckedAllocate
[0129/001535.908:ERROR:process_info.cc(359)] UncheckedAllocate
[0129/003603.778:ERROR:process_info.cc(359)] UncheckedAllocate
[0129/003644.596:ERROR:process_info.cc(359)] UncheckedAllocate
